1615311504778@[TrackerServer] Parking starts for Robot 1
1615311504779@[TrackerServer] (waiting for Robot2's tracker to come online)
1615311504838@[TrackerServer] (waiting for Robot3's tracker to come online)
1615311504841@[TrackerServer] Parking starts for Robot 2
1615311504852@[TrackerServer] Parking starts for Robot 3
1615311506076@[TrackerServer] Found internal critical point (Robot1): 37
1615311506221@[TrackerServer] Parking finishes for Robot 1
1615311507235@[TrackerServer] Parking finishes for Robot 2
1615311507773@[TrackerServer] At last path point (current: 0, prev: -1) of TrajectoryEnvelope 0 (Robot 1, SE 1) [0;0] Parking ((0.0942, 0.0053, 0.0192))...
1615311507784@[TrackerServer] <<<< Finished (super envelope) TrajectoryEnvelope 0 (Robot 1, SE 1) [0;0] Parking ((0.0942, 0.0053, 0.0192))
1615311508023@[TrackerServer] At last path point (current: 0, prev: -1) of TrajectoryEnvelope 1 (Robot 2, SE 4) [0;0] Parking ((-25.6948, 11.5911, -1.2945))...
1615311508050@[TrackerServer] Parking finishes for Robot 3
1615311508099@[TrackerServer] Critical point (Robot3) -1 was already set!
1615311508105@[TrackerServer] Finishing @ 4628 TrajectoryEnvelope 2 (Robot 3, SE 7) [0;0] Parking ((-12.8272, -28.7825, 0.3854)) (ET bounds: [4302,99978604])
1615311508106@[TrackerServer] <<<< Finished (super envelope) TrajectoryEnvelope 1 (Robot 2, SE 4) [0;0] Parking ((-25.6948, 11.5911, -1.2945))
1615311508327@[TrackerServer] At last path point (current: 0, prev: -1) of TrajectoryEnvelope 2 (Robot 3, SE 7) [0;0] Parking ((-12.8272, -28.7825, 0.3854))...
1615311508327@[TrackerServer] <<<< Finished (super envelope) TrajectoryEnvelope 2 (Robot 3, SE 7) [0;0] Parking ((-12.8272, -28.7825, 0.3854))
1615311518764@[TrackerServer] At last path point (current: 33, prev: 32) of TrajectoryEnvelope 5 (Robot 3, SE 16) [0;33] Driving...
1615311518764@[TrackerServer] <<<< Finished (super envelope) TrajectoryEnvelope 5 (Robot 3, SE 16) [0;33] Driving
1615311518783@[TrackerServer] Parking starts for Robot 3
1615311519081@[TrackerServer] At last path point (current: -1, prev: 33) of TrajectoryEnvelope 8 (Robot 3, SE 25) [0;0] Parking (whatever)...
1615311519081@[TrackerServer] <<<< Finished (super envelope) TrajectoryEnvelope 8 (Robot 3, SE 25) [0;0] Parking (whatever)
1615311521011@[TrackerServer] Parking finishes for Robot 3
1615311522200@[TrackerServer] RK4 tracking thread terminates (Robot 3, TrajectoryEnvelope 5)
1615311524230@[TrackerServer] At last path point (current: 55, prev: 54) of TrajectoryEnvelope 3 (Robot 1, SE 10) [0;55] Driving...
1615311524230@[TrackerServer] <<<< Finished (super envelope) TrajectoryEnvelope 3 (Robot 1, SE 10) [0;55] Driving
1615311524279@[TrackerServer] Parking starts for Robot 1
1615311524573@[TrackerServer] At last path point (current: -1, prev: 55) of TrajectoryEnvelope 4 (Robot 1, SE 13) [0;0] Parking (whatever)...
1615311524573@[TrackerServer] <<<< Finished (super envelope) TrajectoryEnvelope 4 (Robot 1, SE 13) [0;0] Parking (whatever)
1615311524994@[TrackerServer] Found internal critical point (Robot1): 18
1615311525004@[TrackerServer] Parking finishes for Robot 1
1615311525944@[TrackerServer] At last path point (current: 58, prev: 57) of TrajectoryEnvelope 6 (Robot 2, SE 19) [0;58] Driving...
1615311525944@[TrackerServer] <<<< Finished (super envelope) TrajectoryEnvelope 6 (Robot 2, SE 19) [0;58] Driving
1615311525958@[TrackerServer] Parking starts for Robot 2
1615311526993@[TrackerServer] Parking finishes for Robot 2
1615311527856@[TrackerServer] RK4 tracking thread terminates (Robot 1, TrajectoryEnvelope 3)
1615311529258@[TrackerServer] At last path point (current: 0, prev: -1) of TrajectoryEnvelope 7 (Robot 2, SE 22) [0;0] Parking (whatever)...
1615311529258@[TrackerServer] <<<< Finished (super envelope) TrajectoryEnvelope 7 (Robot 2, SE 22) [0;0] Parking (whatever)
1615311529473@[TrackerServer] RK4 tracking thread terminates (Robot 2, TrajectoryEnvelope 6)
1615311532497@[TrackerServer] At last path point (current: 33, prev: 32) of TrajectoryEnvelope 9 (Robot 3, SE 28) [0;33] Driving...
1615311532497@[TrackerServer] <<<< Finished (super envelope) TrajectoryEnvelope 9 (Robot 3, SE 28) [0;33] Driving
1615311532522@[TrackerServer] Parking starts for Robot 3
1615311532813@[TrackerServer] At last path point (current: -1, prev: 33) of TrajectoryEnvelope 10 (Robot 3, SE 31) [0;0] Parking (whatever)...
1615311532813@[TrackerServer] <<<< Finished (super envelope) TrajectoryEnvelope 10 (Robot 3, SE 31) [0;0] Parking (whatever)
1615311534002@[TrackerServer] Parking finishes for Robot 3
1615311534007@[TrackerServer] Critical point (Robot3) -1 was already set!
1615311535835@[TrackerServer] RK4 tracking thread terminates (Robot 3, TrajectoryEnvelope 9)
1615311538549@[TrackerServer] At critical point (Robot2): 24 (24)
1615311540003@[TrackerServer] Resuming from critical point (Robot2)
1615311544536@[TrackerServer] At last path point (current: 55, prev: 54) of TrajectoryEnvelope 11 (Robot 1, SE 34) [0;55] Driving...
1615311544536@[TrackerServer] <<<< Finished (super envelope) TrajectoryEnvelope 11 (Robot 1, SE 34) [0;55] Driving
1615311544561@[TrackerServer] Parking starts for Robot 1
1615311544856@[TrackerServer] At last path point (current: -1, prev: 55) of TrajectoryEnvelope 12 (Robot 1, SE 37) [0;0] Parking (whatever)...
1615311544856@[TrackerServer] <<<< Finished (super envelope) TrajectoryEnvelope 12 (Robot 1, SE 37) [0;0] Parking (whatever)
1615311546013@[TrackerServer] Found internal critical point (Robot1): 37
1615311546015@[TrackerServer] Parking finishes for Robot 1
1615311546141@[TrackerServer] At last path point (current: 33, prev: 32) of TrajectoryEnvelope 15 (Robot 3, SE 46) [0;33] Driving...
1615311546141@[TrackerServer] <<<< Finished (super envelope) TrajectoryEnvelope 15 (Robot 3, SE 46) [0;33] Driving
1615311546149@[TrackerServer] Parking starts for Robot 3
1615311546448@[TrackerServer] At last path point (current: -1, prev: 33) of TrajectoryEnvelope 16 (Robot 3, SE 49) [0;0] Parking (whatever)...
1615311546448@[TrackerServer] <<<< Finished (super envelope) TrajectoryEnvelope 16 (Robot 3, SE 49) [0;0] Parking (whatever)
1615311547915@[TrackerServer] RK4 tracking thread terminates (Robot 1, TrajectoryEnvelope 11)
1615311548010@[TrackerServer] Parking finishes for Robot 3
1615311548022@[TrackerServer] Critical point (Robot3) -1 was already set!
1615311549570@[TrackerServer] RK4 tracking thread terminates (Robot 3, TrajectoryEnvelope 15)
1615311550220@[TrackerServer] At last path point (current: 58, prev: 57) of TrajectoryEnvelope 13 (Robot 2, SE 40) [0;58] Driving...
1615311550220@[TrackerServer] <<<< Finished (super envelope) TrajectoryEnvelope 13 (Robot 2, SE 40) [0;58] Driving
1615311550234@[TrackerServer] Parking starts for Robot 2
1615311550527@[TrackerServer] At last path point (current: -1, prev: 58) of TrajectoryEnvelope 14 (Robot 2, SE 43) [0;0] Parking (whatever)...
1615311550527@[TrackerServer] <<<< Finished (super envelope) TrajectoryEnvelope 14 (Robot 2, SE 43) [0;0] Parking (whatever)
1615311552019@[TrackerServer] Parking finishes for Robot 2
1615311553696@[TrackerServer] RK4 tracking thread terminates (Robot 2, TrajectoryEnvelope 13)
1615311559855@[TrackerServer] At last path point (current: 33, prev: 32) of TrajectoryEnvelope 19 (Robot 3, SE 58) [0;33] Driving...
1615311559855@[TrackerServer] <<<< Finished (super envelope) TrajectoryEnvelope 19 (Robot 3, SE 58) [0;33] Driving
1615311559862@[TrackerServer] Parking starts for Robot 3
1615311560158@[TrackerServer] At last path point (current: -1, prev: 33) of TrajectoryEnvelope 20 (Robot 3, SE 61) [0;0] Parking (whatever)...
1615311560158@[TrackerServer] <<<< Finished (super envelope) TrajectoryEnvelope 20 (Robot 3, SE 61) [0;0] Parking (whatever)
1615311561005@[TrackerServer] Parking finishes for Robot 3
1615311563196@[TrackerServer] RK4 tracking thread terminates (Robot 3, TrajectoryEnvelope 19)
1615311564370@[TrackerServer] At last path point (current: 55, prev: 54) of TrajectoryEnvelope 17 (Robot 1, SE 52) [0;55] Driving...
1615311564370@[TrackerServer] <<<< Finished (super envelope) TrajectoryEnvelope 17 (Robot 1, SE 52) [0;55] Driving
1615311564381@[TrackerServer] Parking starts for Robot 1
1615311564675@[TrackerServer] At last path point (current: -1, prev: 55) of TrajectoryEnvelope 18 (Robot 1, SE 55) [0;0] Parking (whatever)...
1615311564675@[TrackerServer] <<<< Finished (super envelope) TrajectoryEnvelope 18 (Robot 1, SE 55) [0;0] Parking (whatever)
1615311567035@[TrackerServer] Found internal critical point (Robot1): 18
1615311567037@[TrackerServer] Parking finishes for Robot 1
1615311567906@[TrackerServer] RK4 tracking thread terminates (Robot 1, TrajectoryEnvelope 17)
1615311568917@[TrackerServer] At last path point (current: 58, prev: 57) of TrajectoryEnvelope 21 (Robot 2, SE 64) [0;58] Driving...
1615311568917@[TrackerServer] <<<< Finished (super envelope) TrajectoryEnvelope 21 (Robot 2, SE 64) [0;58] Driving
1615311568924@[TrackerServer] Parking starts for Robot 2
1615311569226@[TrackerServer] At last path point (current: -1, prev: 58) of TrajectoryEnvelope 22 (Robot 2, SE 67) [0;0] Parking (whatever)...
1615311569226@[TrackerServer] <<<< Finished (super envelope) TrajectoryEnvelope 22 (Robot 2, SE 67) [0;0] Parking (whatever)
1615311571034@[TrackerServer] Parking finishes for Robot 2
1615311572478@[TrackerServer] RK4 tracking thread terminates (Robot 2, TrajectoryEnvelope 21)
1615311575207@[TrackerServer] At last path point (current: 33, prev: 32) of TrajectoryEnvelope 23 (Robot 3, SE 70) [0;33] Driving...
1615311575207@[TrackerServer] <<<< Finished (super envelope) TrajectoryEnvelope 23 (Robot 3, SE 70) [0;33] Driving
1615311575214@[TrackerServer] Parking starts for Robot 3
1615311575510@[TrackerServer] At last path point (current: -1, prev: 33) of TrajectoryEnvelope 24 (Robot 3, SE 73) [0;0] Parking (whatever)...
1615311575510@[TrackerServer] <<<< Finished (super envelope) TrajectoryEnvelope 24 (Robot 3, SE 73) [0;0] Parking (whatever)
1615311577007@[TrackerServer] Parking finishes for Robot 3
1615311577012@[TrackerServer] Critical point (Robot3) -1 was already set!
1615311578656@[TrackerServer] RK4 tracking thread terminates (Robot 3, TrajectoryEnvelope 23)
1615311584641@[TrackerServer] At last path point (current: 55, prev: 54) of TrajectoryEnvelope 25 (Robot 1, SE 76) [0;55] Driving...
1615311584641@[TrackerServer] <<<< Finished (super envelope) TrajectoryEnvelope 25 (Robot 1, SE 76) [0;55] Driving
1615311584673@[TrackerServer] Parking starts for Robot 1
1615311584955@[TrackerServer] At last path point (current: -1, prev: 55) of TrajectoryEnvelope 26 (Robot 1, SE 79) [0;0] Parking (whatever)...
1615311584955@[TrackerServer] <<<< Finished (super envelope) TrajectoryEnvelope 26 (Robot 1, SE 79) [0;0] Parking (whatever)
1615311587025@[TrackerServer] Found internal critical point (Robot1): 37
1615311587026@[TrackerServer] Parking finishes for Robot 1
1615311588051@[TrackerServer] RK4 tracking thread terminates (Robot 1, TrajectoryEnvelope 25)
1615311588775@[TrackerServer] At last path point (current: 33, prev: 32) of TrajectoryEnvelope 29 (Robot 3, SE 88) [0;33] Driving...
1615311588775@[TrackerServer] <<<< Finished (super envelope) TrajectoryEnvelope 29 (Robot 3, SE 88) [0;33] Driving
1615311588802@[TrackerServer] Parking starts for Robot 3
1615311589081@[TrackerServer] At last path point (current: -1, prev: 33) of TrajectoryEnvelope 30 (Robot 3, SE 91) [0;0] Parking (whatever)...
1615311589081@[TrackerServer] <<<< Finished (super envelope) TrajectoryEnvelope 30 (Robot 3, SE 91) [0;0] Parking (whatever)
1615311589499@[TrackerServer] At last path point (current: 58, prev: 57) of TrajectoryEnvelope 27 (Robot 2, SE 82) [0;58] Driving...
1615311589499@[TrackerServer] <<<< Finished (super envelope) TrajectoryEnvelope 27 (Robot 2, SE 82) [0;58] Driving
1615311589529@[TrackerServer] Parking starts for Robot 2
1615311589810@[TrackerServer] At last path point (current: -1, prev: 58) of TrajectoryEnvelope 28 (Robot 2, SE 85) [0;0] Parking (whatever)...
1615311589810@[TrackerServer] <<<< Finished (super envelope) TrajectoryEnvelope 28 (Robot 2, SE 85) [0;0] Parking (whatever)
1615311591017@[TrackerServer] Parking finishes for Robot 3
1615311591019@[TrackerServer] Critical point (Robot3) -1 was already set!
1615311592036@[TrackerServer] Parking finishes for Robot 2
1615311592287@[TrackerServer] RK4 tracking thread terminates (Robot 3, TrajectoryEnvelope 29)
1615311592783@[TrackerServer] RK4 tracking thread terminates (Robot 2, TrajectoryEnvelope 27)
1615311602326@[TrackerServer] At last path point (current: 33, prev: 32) of TrajectoryEnvelope 34 (Robot 3, SE 103) [0;33] Driving...
1615311602326@[TrackerServer] <<<< Finished (super envelope) TrajectoryEnvelope 34 (Robot 3, SE 103) [0;33] Driving
1615311602346@[TrackerServer] Parking starts for Robot 3
1615311602639@[TrackerServer] At last path point (current: -1, prev: 33) of TrajectoryEnvelope 35 (Robot 3, SE 106) [0;0] Parking (whatever)...
1615311602639@[TrackerServer] <<<< Finished (super envelope) TrajectoryEnvelope 35 (Robot 3, SE 106) [0;0] Parking (whatever)
1615311603010@[TrackerServer] Parking finishes for Robot 3
1615311604200@[TrackerServer] At last path point (current: 55, prev: 54) of TrajectoryEnvelope 31 (Robot 1, SE 94) [0;55] Driving...
1615311604201@[TrackerServer] <<<< Finished (super envelope) TrajectoryEnvelope 31 (Robot 1, SE 94) [0;55] Driving
1615311604215@[TrackerServer] Parking starts for Robot 1
1615311604510@[TrackerServer] At last path point (current: -1, prev: 55) of TrajectoryEnvelope 32 (Robot 1, SE 97) [0;0] Parking (whatever)...
1615311604511@[TrackerServer] <<<< Finished (super envelope) TrajectoryEnvelope 32 (Robot 1, SE 97) [0;0] Parking (whatever)
1615311605001@[TrackerServer] Found internal critical point (Robot1): 18
1615311605004@[TrackerServer] Parking finishes for Robot 1
1615311605818@[TrackerServer] RK4 tracking thread terminates (Robot 3, TrajectoryEnvelope 34)
1615311607792@[TrackerServer] RK4 tracking thread terminates (Robot 1, TrajectoryEnvelope 31)
1615311608340@[TrackerServer] At last path point (current: 58, prev: 57) of TrajectoryEnvelope 33 (Robot 2, SE 100) [0;58] Driving...
1615311608340@[TrackerServer] <<<< Finished (super envelope) TrajectoryEnvelope 33 (Robot 2, SE 100) [0;58] Driving
1615311608344@[TrackerServer] Parking starts for Robot 2
1615311609031@[TrackerServer] Parking finishes for Robot 2
1615311609043@[TrackerServer] Critical point (Robot2) -1 was already set!
1615311611652@[TrackerServer] At last path point (current: 0, prev: -1) of TrajectoryEnvelope 36 (Robot 2, SE 109) [0;0] Parking (whatever)...
1615311611652@[TrackerServer] <<<< Finished (super envelope) TrajectoryEnvelope 36 (Robot 2, SE 109) [0;0] Parking (whatever)
1615311611769@[TrackerServer] RK4 tracking thread terminates (Robot 2, TrajectoryEnvelope 33)
1615311616114@[TrackerServer] At last path point (current: 33, prev: 32) of TrajectoryEnvelope 37 (Robot 3, SE 112) [0;33] Driving...
1615311616114@[TrackerServer] <<<< Finished (super envelope) TrajectoryEnvelope 37 (Robot 3, SE 112) [0;33] Driving
1615311616119@[TrackerServer] Parking starts for Robot 3
1615311616417@[TrackerServer] At last path point (current: -1, prev: 33) of TrajectoryEnvelope 38 (Robot 3, SE 115) [0;0] Parking (whatever)...
1615311616417@[TrackerServer] <<<< Finished (super envelope) TrajectoryEnvelope 38 (Robot 3, SE 115) [0;0] Parking (whatever)
1615311618022@[TrackerServer] Parking finishes for Robot 3
1615311618024@[TrackerServer] Critical point (Robot3) -1 was already set!
1615311619745@[TrackerServer] RK4 tracking thread terminates (Robot 3, TrajectoryEnvelope 37)
1615311624400@[TrackerServer] At last path point (current: 55, prev: 54) of TrajectoryEnvelope 39 (Robot 1, SE 118) [0;55] Driving...
1615311624400@[TrackerServer] <<<< Finished (super envelope) TrajectoryEnvelope 39 (Robot 1, SE 118) [0;55] Driving
1615311624405@[TrackerServer] Parking starts for Robot 1
1615311624704@[TrackerServer] At last path point (current: -1, prev: 55) of TrajectoryEnvelope 40 (Robot 1, SE 121) [0;0] Parking (whatever)...
1615311624705@[TrackerServer] <<<< Finished (super envelope) TrajectoryEnvelope 40 (Robot 1, SE 121) [0;0] Parking (whatever)
1615311626004@[TrackerServer] Found internal critical point (Robot1): 37
1615311626006@[TrackerServer] Parking finishes for Robot 1
1615311627943@[TrackerServer] RK4 tracking thread terminates (Robot 1, TrajectoryEnvelope 39)
1615311629554@[TrackerServer] At last path point (current: 58, prev: 57) of TrajectoryEnvelope 41 (Robot 2, SE 124) [0;58] Driving...
1615311629554@[TrackerServer] <<<< Finished (super envelope) TrajectoryEnvelope 41 (Robot 2, SE 124) [0;58] Driving
1615311629568@[TrackerServer] Parking starts for Robot 2
1615311629646@[TrackerServer] At last path point (current: 33, prev: 32) of TrajectoryEnvelope 43 (Robot 3, SE 130) [0;33] Driving...
1615311629646@[TrackerServer] <<<< Finished (super envelope) TrajectoryEnvelope 43 (Robot 3, SE 130) [0;33] Driving
1615311629649@[TrackerServer] Parking starts for Robot 3
1615311629859@[TrackerServer] At last path point (current: -1, prev: 58) of TrajectoryEnvelope 42 (Robot 2, SE 127) [0;0] Parking (whatever)...
1615311629859@[TrackerServer] <<<< Finished (super envelope) TrajectoryEnvelope 42 (Robot 2, SE 127) [0;0] Parking (whatever)
1615311632010@[TrackerServer] Parking finishes for Robot 3
1615311632010@[TrackerServer] Critical point (Robot3) -1 was already set!
1615311632950@[TrackerServer] At last path point (current: 0, prev: -1) of TrajectoryEnvelope 44 (Robot 3, SE 133) [0;0] Parking (whatever)...
1615311632950@[TrackerServer] <<<< Finished (super envelope) TrajectoryEnvelope 44 (Robot 3, SE 133) [0;0] Parking (whatever)
1615311632978@[TrackerServer] RK4 tracking thread terminates (Robot 2, TrajectoryEnvelope 41)
1615311633010@[TrackerServer] Parking finishes for Robot 2
1615311633019@[TrackerServer] Finishing @ 129560 TrajectoryEnvelope 42 (Robot 2, SE 127) [0;0] Parking (whatever) (ET bounds: [129097,99972714])
1615311633198@[TrackerServer] RK4 tracking thread terminates (Robot 3, TrajectoryEnvelope 43)
1615311643257@[TrackerServer] At last path point (current: 33, prev: 32) of TrajectoryEnvelope 48 (Robot 3, SE 145) [0;33] Driving...
1615311643257@[TrackerServer] <<<< Finished (super envelope) TrajectoryEnvelope 48 (Robot 3, SE 145) [0;33] Driving
1615311643275@[TrackerServer] Parking starts for Robot 3
1615311643564@[TrackerServer] At last path point (current: -1, prev: 33) of TrajectoryEnvelope 49 (Robot 3, SE 148) [0;0] Parking (whatever)...
1615311643588@[TrackerServer] <<<< Finished (super envelope) TrajectoryEnvelope 49 (Robot 3, SE 148) [0;0] Parking (whatever)
1615311644019@[TrackerServer] Parking finishes for Robot 3
1615311644413@[TrackerServer] At last path point (current: 55, prev: 54) of TrajectoryEnvelope 45 (Robot 1, SE 136) [0;55] Driving...
1615311644413@[TrackerServer] <<<< Finished (super envelope) TrajectoryEnvelope 45 (Robot 1, SE 136) [0;55] Driving
1615311644430@[TrackerServer] Parking starts for Robot 1
1615311644723@[TrackerServer] At last path point (current: -1, prev: 55) of TrajectoryEnvelope 46 (Robot 1, SE 139) [0;0] Parking (whatever)...
1615311644723@[TrackerServer] <<<< Finished (super envelope) TrajectoryEnvelope 46 (Robot 1, SE 139) [0;0] Parking (whatever)
1615311646006@[TrackerServer] Found internal critical point (Robot1): 18
1615311646008@[TrackerServer] Parking finishes for Robot 1
1615311646665@[TrackerServer] RK4 tracking thread terminates (Robot 3, TrajectoryEnvelope 48)
1615311648099@[TrackerServer] RK4 tracking thread terminates (Robot 1, TrajectoryEnvelope 45)
1615311648938@[TrackerServer] At last path point (current: 58, prev: 57) of TrajectoryEnvelope 47 (Robot 2, SE 142) [0;58] Driving...
1615311648938@[TrackerServer] <<<< Finished (super envelope) TrajectoryEnvelope 47 (Robot 2, SE 142) [0;58] Driving
1615311648971@[TrackerServer] Parking starts for Robot 2
1615311649263@[TrackerServer] At last path point (current: -1, prev: 58) of TrajectoryEnvelope 50 (Robot 2, SE 151) [0;0] Parking (whatever)...
1615311649264@[TrackerServer] <<<< Finished (super envelope) TrajectoryEnvelope 50 (Robot 2, SE 151) [0;0] Parking (whatever)
1615311650016@[TrackerServer] Parking finishes for Robot 2
1615311652331@[TrackerServer] RK4 tracking thread terminates (Robot 2, TrajectoryEnvelope 47)
1615311656895@[TrackerServer] At last path point (current: 33, prev: 32) of TrajectoryEnvelope 51 (Robot 3, SE 154) [0;33] Driving...
1615311656895@[TrackerServer] <<<< Finished (super envelope) TrajectoryEnvelope 51 (Robot 3, SE 154) [0;33] Driving
1615311656902@[TrackerServer] Parking starts for Robot 3
1615311657200@[TrackerServer] At last path point (current: -1, prev: 33) of TrajectoryEnvelope 52 (Robot 3, SE 157) [0;0] Parking (whatever)...
1615311657200@[TrackerServer] <<<< Finished (super envelope) TrajectoryEnvelope 52 (Robot 3, SE 157) [0;0] Parking (whatever)
1615311658006@[TrackerServer] Parking finishes for Robot 3
1615311658010@[TrackerServer] Critical point (Robot3) -1 was already set!
1615311660292@[TrackerServer] RK4 tracking thread terminates (Robot 3, TrajectoryEnvelope 51)
1615311664578@[TrackerServer] At last path point (current: 55, prev: 54) of TrajectoryEnvelope 53 (Robot 1, SE 160) [0;55] Driving...
1615311664578@[TrackerServer] <<<< Finished (super envelope) TrajectoryEnvelope 53 (Robot 1, SE 160) [0;55] Driving
1615311664580@[TrackerServer] Parking starts for Robot 1
1615311664880@[TrackerServer] At last path point (current: -1, prev: 55) of TrajectoryEnvelope 54 (Robot 1, SE 163) [0;0] Parking (whatever)...
1615311664880@[TrackerServer] <<<< Finished (super envelope) TrajectoryEnvelope 54 (Robot 1, SE 163) [0;0] Parking (whatever)
1615311666006@[TrackerServer] Found internal critical point (Robot1): 37
1615311666008@[TrackerServer] Parking finishes for Robot 1
1615311668027@[TrackerServer] RK4 tracking thread terminates (Robot 1, TrajectoryEnvelope 53)
1615311669293@[TrackerServer] At last path point (current: 58, prev: 57) of TrajectoryEnvelope 55 (Robot 2, SE 166) [0;58] Driving...
1615311669293@[TrackerServer] <<<< Finished (super envelope) TrajectoryEnvelope 55 (Robot 2, SE 166) [0;58] Driving
1615311669295@[TrackerServer] Parking starts for Robot 2
1615311670039@[TrackerServer] Parking finishes for Robot 2
1615311670437@[TrackerServer] At last path point (current: 33, prev: 32) of TrajectoryEnvelope 57 (Robot 3, SE 172) [0;33] Driving...
1615311670437@[TrackerServer] <<<< Finished (super envelope) TrajectoryEnvelope 57 (Robot 3, SE 172) [0;33] Driving
1615311670444@[TrackerServer] Parking starts for Robot 3
1615311672012@[TrackerServer] Parking finishes for Robot 3
1615311672013@[TrackerServer] Critical point (Robot3) -1 was already set!
1615311672603@[TrackerServer] At last path point (current: 0, prev: -1) of TrajectoryEnvelope 56 (Robot 2, SE 169) [0;0] Parking (whatever)...
1615311672603@[TrackerServer] <<<< Finished (super envelope) TrajectoryEnvelope 56 (Robot 2, SE 169) [0;0] Parking (whatever)
1615311672749@[TrackerServer] RK4 tracking thread terminates (Robot 2, TrajectoryEnvelope 55)
1615311673445@[TrackerServer] At last path point (current: 0, prev: -1) of TrajectoryEnvelope 58 (Robot 3, SE 175) [0;0] Parking (whatever)...
1615311673445@[TrackerServer] <<<< Finished (super envelope) TrajectoryEnvelope 58 (Robot 3, SE 175) [0;0] Parking (whatever)
1615311673964@[TrackerServer] RK4 tracking thread terminates (Robot 3, TrajectoryEnvelope 57)
1615311684034@[TrackerServer] At last path point (current: 33, prev: 32) of TrajectoryEnvelope 63 (Robot 3, SE 190) [0;33] Driving...
1615311684034@[TrackerServer] <<<< Finished (super envelope) TrajectoryEnvelope 63 (Robot 3, SE 190) [0;33] Driving
1615311684044@[TrackerServer] Parking starts for Robot 3
1615311684192@[TrackerServer] At last path point (current: 55, prev: 54) of TrajectoryEnvelope 59 (Robot 1, SE 178) [0;55] Driving...
1615311684192@[TrackerServer] <<<< Finished (super envelope) TrajectoryEnvelope 59 (Robot 1, SE 178) [0;55] Driving
1615311684193@[TrackerServer] Parking starts for Robot 1
1615311684493@[TrackerServer] At last path point (current: -1, prev: 55) of TrajectoryEnvelope 60 (Robot 1, SE 181) [0;0] Parking (whatever)...
1615311684493@[TrackerServer] <<<< Finished (super envelope) TrajectoryEnvelope 60 (Robot 1, SE 181) [0;0] Parking (whatever)
1615311685018@[TrackerServer] Parking finishes for Robot 3
1615311687019@[TrackerServer] Found internal critical point (Robot1): 18
1615311687023@[TrackerServer] Parking finishes for Robot 1
1615311687346@[TrackerServer] At last path point (current: 0, prev: -1) of TrajectoryEnvelope 64 (Robot 3, SE 193) [0;0] Parking (whatever)...
1615311687346@[TrackerServer] <<<< Finished (super envelope) TrajectoryEnvelope 64 (Robot 3, SE 193) [0;0] Parking (whatever)
1615311687464@[TrackerServer] RK4 tracking thread terminates (Robot 3, TrajectoryEnvelope 63)
1615311687887@[TrackerServer] RK4 tracking thread terminates (Robot 1, TrajectoryEnvelope 59)
1615311688035@[TrackerServer] At last path point (current: 58, prev: 57) of TrajectoryEnvelope 61 (Robot 2, SE 184) [0;58] Driving...
1615311688035@[TrackerServer] <<<< Finished (super envelope) TrajectoryEnvelope 61 (Robot 2, SE 184) [0;58] Driving
1615311688040@[TrackerServer] Parking starts for Robot 2
1615311689031@[TrackerServer] Parking finishes for Robot 2
1615311689032@[TrackerServer] Critical point (Robot2) -1 was already set!
1615311691343@[TrackerServer] At last path point (current: 0, prev: -1) of TrajectoryEnvelope 62 (Robot 2, SE 187) [0;0] Parking (whatever)...
1615311691343@[TrackerServer] <<<< Finished (super envelope) TrajectoryEnvelope 62 (Robot 2, SE 187) [0;0] Parking (whatever)
1615311691534@[TrackerServer] RK4 tracking thread terminates (Robot 2, TrajectoryEnvelope 61)
1615311693862@[TrackerServer] At critical point (Robot3): 12 (12)
1615311697039@[TrackerServer] Resuming from critical point (Robot3)
1615311700631@[TrackerServer] At critical point (Robot2): 24 (24)
1615311701026@[TrackerServer] Resuming from critical point (Robot2)
1615311704739@[TrackerServer] At last path point (current: 55, prev: 54) of TrajectoryEnvelope 67 (Robot 1, SE 202) [0;55] Driving...
1615311704739@[TrackerServer] <<<< Finished (super envelope) TrajectoryEnvelope 67 (Robot 1, SE 202) [0;55] Driving
1615311704746@[TrackerServer] Parking starts for Robot 1
1615311704821@[TrackerServer] At last path point (current: 33, prev: 32) of TrajectoryEnvelope 65 (Robot 3, SE 196) [0;33] Driving...
1615311704821@[TrackerServer] <<<< Finished (super envelope) TrajectoryEnvelope 65 (Robot 3, SE 196) [0;33] Driving
1615311704826@[TrackerServer] Parking starts for Robot 3
1615311705122@[TrackerServer] At last path point (current: -1, prev: 33) of TrajectoryEnvelope 66 (Robot 3, SE 199) [0;0] Parking (whatever)...
1615311705122@[TrackerServer] <<<< Finished (super envelope) TrajectoryEnvelope 66 (Robot 3, SE 199) [0;0] Parking (whatever)
1615311707035@[TrackerServer] Found internal critical point (Robot1): 37
1615311707036@[TrackerServer] Parking finishes for Robot 1
1615311708033@[TrackerServer] Parking finishes for Robot 3
1615311708034@[TrackerServer] Finishing @ 204575 TrajectoryEnvelope 66 (Robot 3, SE 199) [0;0] Parking (whatever) (ET bounds: [204363,99978604])
1615311708035@[TrackerServer] Critical point (Robot3) -1 was already set!
1615311708049@[TrackerServer] At last path point (current: 0, prev: -1) of TrajectoryEnvelope 68 (Robot 1, SE 205) [0;0] Parking (whatever)...
1615311708049@[TrackerServer] <<<< Finished (super envelope) TrajectoryEnvelope 68 (Robot 1, SE 205) [0;0] Parking (whatever)
1615311708165@[TrackerServer] RK4 tracking thread terminates (Robot 3, TrajectoryEnvelope 65)
1615311708196@[TrackerServer] RK4 tracking thread terminates (Robot 1, TrajectoryEnvelope 67)
1615311711198@[TrackerServer] At last path point (current: 58, prev: 57) of TrajectoryEnvelope 69 (Robot 2, SE 208) [0;58] Driving...
1615311711198@[TrackerServer] <<<< Finished (super envelope) TrajectoryEnvelope 69 (Robot 2, SE 208) [0;58] Driving
1615311711199@[TrackerServer] Parking starts for Robot 2
1615311711499@[TrackerServer] At last path point (current: -1, prev: 58) of TrajectoryEnvelope 70 (Robot 2, SE 211) [0;0] Parking (whatever)...
1615311711499@[TrackerServer] <<<< Finished (super envelope) TrajectoryEnvelope 70 (Robot 2, SE 211) [0;0] Parking (whatever)
1615311713030@[TrackerServer] Parking finishes for Robot 2
1615311714736@[TrackerServer] RK4 tracking thread terminates (Robot 2, TrajectoryEnvelope 69)
1615311718648@[TrackerServer] At last path point (current: 33, prev: 32) of TrajectoryEnvelope 71 (Robot 3, SE 214) [0;33] Driving...
1615311718648@[TrackerServer] <<<< Finished (super envelope) TrajectoryEnvelope 71 (Robot 3, SE 214) [0;33] Driving
1615311718649@[TrackerServer] Parking starts for Robot 3
1615311721031@[TrackerServer] Parking finishes for Robot 3
1615311721039@[TrackerServer] Critical point (Robot3) -1 was already set!
1615311721952@[TrackerServer] At last path point (current: 0, prev: -1) of TrajectoryEnvelope 74 (Robot 3, SE 223) [0;0] Parking (whatever)...
1615311721952@[TrackerServer] <<<< Finished (super envelope) TrajectoryEnvelope 74 (Robot 3, SE 223) [0;0] Parking (whatever)
1615311722178@[TrackerServer] RK4 tracking thread terminates (Robot 3, TrajectoryEnvelope 71)
1615311724219@[TrackerServer] At last path point (current: 55, prev: 54) of TrajectoryEnvelope 72 (Robot 1, SE 217) [0;55] Driving...
1615311724219@[TrackerServer] <<<< Finished (super envelope) TrajectoryEnvelope 72 (Robot 1, SE 217) [0;55] Driving
1615311724248@[TrackerServer] Parking starts for Robot 1
1615311724538@[TrackerServer] At last path point (current: -1, prev: 55) of TrajectoryEnvelope 73 (Robot 1, SE 220) [0;0] Parking (whatever)...
1615311724538@[TrackerServer] <<<< Finished (super envelope) TrajectoryEnvelope 73 (Robot 1, SE 220) [0;0] Parking (whatever)
1615311725060@[TrackerServer] Found internal critical point (Robot1): 18
1615311725072@[TrackerServer] Parking finishes for Robot 1
1615311727823@[TrackerServer] RK4 tracking thread terminates (Robot 1, TrajectoryEnvelope 72)
1615311730014@[TrackerServer] At last path point (current: 58, prev: 57) of TrajectoryEnvelope 75 (Robot 2, SE 226) [0;58] Driving...
1615311730014@[TrackerServer] <<<< Finished (super envelope) TrajectoryEnvelope 75 (Robot 2, SE 226) [0;58] Driving
1615311730016@[TrackerServer] Parking starts for Robot 2
1615311731048@[TrackerServer] Parking finishes for Robot 2
1615311733317@[TrackerServer] At last path point (current: 0, prev: -1) of TrajectoryEnvelope 76 (Robot 2, SE 229) [0;0] Parking (whatever)...
1615311733317@[TrackerServer] <<<< Finished (super envelope) TrajectoryEnvelope 76 (Robot 2, SE 229) [0;0] Parking (whatever)
1615311733432@[TrackerServer] RK4 tracking thread terminates (Robot 2, TrajectoryEnvelope 75)
1615311735419@[TrackerServer] At last path point (current: 33, prev: 32) of TrajectoryEnvelope 77 (Robot 3, SE 232) [0;33] Driving...
1615311735420@[TrackerServer] <<<< Finished (super envelope) TrajectoryEnvelope 77 (Robot 3, SE 232) [0;33] Driving
1615311735439@[TrackerServer] Parking starts for Robot 3
1615311735732@[TrackerServer] At last path point (current: -1, prev: 33) of TrajectoryEnvelope 78 (Robot 3, SE 235) [0;0] Parking (whatever)...
1615311735732@[TrackerServer] <<<< Finished (super envelope) TrajectoryEnvelope 78 (Robot 3, SE 235) [0;0] Parking (whatever)
1615311737061@[TrackerServer] Parking finishes for Robot 3
1615311738872@[TrackerServer] RK4 tracking thread terminates (Robot 3, TrajectoryEnvelope 77)
1615311744652@[TrackerServer] At last path point (current: 55, prev: 54) of TrajectoryEnvelope 79 (Robot 1, SE 238) [0;55] Driving...
1615311744652@[TrackerServer] <<<< Finished (super envelope) TrajectoryEnvelope 79 (Robot 1, SE 238) [0;55] Driving
1615311744661@[TrackerServer] Parking starts for Robot 1
1615311744956@[TrackerServer] At last path point (current: -1, prev: 55) of TrajectoryEnvelope 80 (Robot 1, SE 241) [0;0] Parking (whatever)...
1615311744956@[TrackerServer] <<<< Finished (super envelope) TrajectoryEnvelope 80 (Robot 1, SE 241) [0;0] Parking (whatever)
1615311747066@[TrackerServer] Found internal critical point (Robot1): 37
1615311747069@[TrackerServer] Parking finishes for Robot 1
1615311748277@[TrackerServer] RK4 tracking thread terminates (Robot 1, TrajectoryEnvelope 79)
1615311749425@[TrackerServer] At last path point (current: 33, prev: 32) of TrajectoryEnvelope 83 (Robot 3, SE 250) [0;33] Driving...
1615311749425@[TrackerServer] <<<< Finished (super envelope) TrajectoryEnvelope 83 (Robot 3, SE 250) [0;33] Driving
1615311749427@[TrackerServer] Parking starts for Robot 3
1615311750201@[TrackerServer] At last path point (current: 58, prev: 57) of TrajectoryEnvelope 81 (Robot 2, SE 244) [0;58] Driving...
1615311750202@[TrackerServer] <<<< Finished (super envelope) TrajectoryEnvelope 81 (Robot 2, SE 244) [0;58] Driving
1615311750203@[TrackerServer] Parking starts for Robot 2
1615311751060@[TrackerServer] Parking finishes for Robot 2
1615311752036@[TrackerServer] Parking finishes for Robot 3
1615311752039@[TrackerServer] Critical point (Robot3) -1 was already set!
1615311752508@[TrackerServer] RK4 tracking thread terminates (Robot 3, TrajectoryEnvelope 83)
1615311752731@[TrackerServer] At last path point (current: 0, prev: -1) of TrajectoryEnvelope 84 (Robot 3, SE 253) [0;0] Parking (whatever)...
1615311752731@[TrackerServer] <<<< Finished (super envelope) TrajectoryEnvelope 84 (Robot 3, SE 253) [0;0] Parking (whatever)
1615311753504@[TrackerServer] At last path point (current: 0, prev: -1) of TrajectoryEnvelope 82 (Robot 2, SE 247) [0;0] Parking (whatever)...
1615311753504@[TrackerServer] <<<< Finished (super envelope) TrajectoryEnvelope 82 (Robot 2, SE 247) [0;0] Parking (whatever)
1615311753803@[TrackerServer] RK4 tracking thread terminates (Robot 2, TrajectoryEnvelope 81)
1615311763109@[TrackerServer] At last path point (current: 33, prev: 32) of TrajectoryEnvelope 87 (Robot 3, SE 262) [0;33] Driving...
1615311763109@[TrackerServer] <<<< Finished (super envelope) TrajectoryEnvelope 87 (Robot 3, SE 262) [0;33] Driving
1615311763126@[TrackerServer] Parking starts for Robot 3
1615311763420@[TrackerServer] At last path point (current: -1, prev: 33) of TrajectoryEnvelope 90 (Robot 3, SE 271) [0;0] Parking (whatever)...
1615311763420@[TrackerServer] <<<< Finished (super envelope) TrajectoryEnvelope 90 (Robot 3, SE 271) [0;0] Parking (whatever)
1615311764366@[TrackerServer] At last path point (current: 55, prev: 54) of TrajectoryEnvelope 85 (Robot 1, SE 256) [0;55] Driving...
1615311764366@[TrackerServer] <<<< Finished (super envelope) TrajectoryEnvelope 85 (Robot 1, SE 256) [0;55] Driving
1615311764383@[TrackerServer] Parking starts for Robot 1
1615311764677@[TrackerServer] At last path point (current: -1, prev: 55) of TrajectoryEnvelope 86 (Robot 1, SE 259) [0;0] Parking (whatever)...
1615311764678@[TrackerServer] <<<< Finished (super envelope) TrajectoryEnvelope 86 (Robot 1, SE 259) [0;0] Parking (whatever)
1615311765064@[TrackerServer] Found internal critical point (Robot1): 18
1615311765066@[TrackerServer] Parking finishes for Robot 1
1615311766068@[TrackerServer] Parking finishes for Robot 3
1615311766473@[TrackerServer] RK4 tracking thread terminates (Robot 3, TrajectoryEnvelope 87)
1615311767894@[TrackerServer] RK4 tracking thread terminates (Robot 1, TrajectoryEnvelope 85)
1615311768924@[TrackerServer] At last path point (current: 58, prev: 57) of TrajectoryEnvelope 88 (Robot 2, SE 265) [0;58] Driving...
1615311768924@[TrackerServer] <<<< Finished (super envelope) TrajectoryEnvelope 88 (Robot 2, SE 265) [0;58] Driving
1615311768936@[TrackerServer] Parking starts for Robot 2
1615311769230@[TrackerServer] At last path point (current: -1, prev: 58) of TrajectoryEnvelope 89 (Robot 2, SE 268) [0;0] Parking (whatever)...
1615311769230@[TrackerServer] <<<< Finished (super envelope) TrajectoryEnvelope 89 (Robot 2, SE 268) [0;0] Parking (whatever)
